<?xml version="1.0" encoding="UTF-8"?>
<testng-results skipped="0" failed="0" ignored="0" total="1" passed="1">
  <reporter-output>
  </reporter-output>
  <suite name="Suite" duration-ms="76593" started-at="2019-08-08T15:12:04Z" finished-at="2019-08-08T15:13:20Z">
    <groups>
    </groups>
    <test name="Test" duration-ms="76593" started-at="2019-08-08T15:12:04Z" finished-at="2019-08-08T15:13:20Z">
      <class name="com.naukri.testcase.Homepagetest">
        <test-method status="PASS" signature="setup()[pri:0, instance:com.naukri.testcase.Homepagetest@15530b9]" name="setup" is-config="true" duration-ms="44102" started-at="2019-08-08T15:12:04Z" finished-at="2019-08-08T15:12:48Z">
          <reporter-output>
          </reporter-output>
        </test-method> <!-- setup -->
        <test-method status="PASS" signature="editprofile()[pri:0, instance:com.naukri.testcase.Homepagetest@15530b9]" name="editprofile" duration-ms="32447" started-at="2019-08-08T15:12:48Z" finished-at="2019-08-08T15:13:20Z">
          <reporter-output>
          </reporter-output>
        </test-method> <!-- editprofile -->
      </class> <!-- com.naukri.testcase.Homepagetest -->
    </test> <!-- Test -->
  </suite> <!-- Suite -->
</testng-results>
