<?xml version="1.0" encoding="UTF-8"?>
<testng-results skipped="0" failed="0" ignored="0" total="1" passed="1">
  <reporter-output>
  </reporter-output>
  <suite name="Default suite" duration-ms="58661" started-at="2019-08-07T18:11:21Z" finished-at="2019-08-07T18:12:20Z">
    <groups>
    </groups>
    <test name="Default test" duration-ms="58661" started-at="2019-08-07T18:11:21Z" finished-at="2019-08-07T18:12:20Z">
      <class name="com.naukri.testcase.Homepagetest">
        <test-method status="PASS" signature="setup()[pri:0, instance:com.naukri.testcase.Homepagetest@15530b9]" name="setup" is-config="true" duration-ms="29530" started-at="2019-08-07T18:11:21Z" finished-at="2019-08-07T18:11:50Z">
          <reporter-output>
          </reporter-output>
        </test-method> <!-- setup -->
        <test-method status="PASS" signature="editprofile()[pri:0, instance:com.naukri.testcase.Homepagetest@15530b9]" name="editprofile" duration-ms="29074" started-at="2019-08-07T18:11:50Z" finished-at="2019-08-07T18:12:20Z">
          <reporter-output>
          </reporter-output>
        </test-method> <!-- editprofile -->
      </class> <!-- com.naukri.testcase.Homepagetest -->
    </test> <!-- Default test -->
  </suite> <!-- Default suite -->
</testng-results>
